0 verbose cli /usr/local/bin/node /usr/local/bin/npm
1 info using npm@9.6.6
2 info using node@v20.2.0
3 timing npm:load:whichnode Completed in 4ms
4 timing config:load:defaults Completed in 4ms
5 timing config:load:file:/usr/local/lib/node_modules/npm/npmrc Completed in 1ms
6 timing config:load:builtin Completed in 1ms
7 timing config:load:cli Completed in 3ms
8 timing config:load:env Completed in 0ms
9 timing config:load:project Completed in 3ms
10 timing config:load:file:/app/momentum-ui/.npmrc Completed in 22ms
11 timing config:load:user Completed in 22ms
12 timing config:load:file:/usr/local/etc/npmrc Completed in 0ms
13 timing config:load:global Completed in 0ms
14 timing config:load:setEnvs Completed in 1ms
15 timing config:load Completed in 36ms
16 timing npm:load:configload Completed in 37ms
17 timing npm:load:mkdirpcache Completed in 8ms
18 timing npm:load:mkdirplogs Completed in 18ms
19 verbose title npm run build
20 verbose argv "run" "build"
21 timing npm:load:setTitle Completed in 1ms
22 timing config:load:flatten Completed in 15ms
23 timing npm:load:display Completed in 15ms
24 verbose logfile logs-max:10 dir:/app/momentum-ui/.npm/_logs/2023-05-21T11_39_36_112Z-
25 verbose logfile /app/momentum-ui/.npm/_logs/2023-05-21T11_39_36_112Z-debug-0.log
26 timing npm:load:logFile Completed in 42ms
27 timing npm:load:timers Completed in 1ms
28 timing npm:load:configScope Completed in 0ms
29 timing npm:load Completed in 134ms
30 silly logfile done cleaning log files
31 timing command:run Completed in 1115ms
32 verbose exit 1
33 timing npm Completed in 1292ms
34 verbose code 1
