0 verbose cli /usr/local/bin/node /usr/local/bin/npm
1 info using npm@9.6.6
2 info using node@v20.2.0
3 timing npm:load:whichnode Completed in 1ms
4 timing config:load:defaults Completed in 1ms
5 timing config:load:file:/usr/local/lib/node_modules/npm/npmrc Completed in 0ms
6 timing config:load:builtin Completed in 1ms
7 timing config:load:cli Completed in 2ms
8 timing config:load:env Completed in 0ms
9 timing config:load:project Completed in 1ms
10 timing config:load:file:/app/momentum-ui/.npmrc Completed in 3ms
11 timing config:load:user Completed in 3ms
12 timing config:load:file:/usr/local/etc/npmrc Completed in 0ms
13 timing config:load:global Completed in 0ms
14 timing config:load:setEnvs Completed in 0ms
15 timing config:load Completed in 9ms
16 timing npm:load:configload Completed in 9ms
17 timing npm:load:mkdirpcache Completed in 1ms
18 timing npm:load:mkdirplogs Completed in 0ms
19 verbose title npm run build
20 verbose argv "run" "build"
21 timing npm:load:setTitle Completed in 2ms
22 timing config:load:flatten Completed in 3ms
23 timing npm:load:display Completed in 3ms
24 verbose logfile logs-max:10 dir:/app/momentum-ui/.npm/_logs/2023-05-22T10_18_40_835Z-
25 verbose logfile /app/momentum-ui/.npm/_logs/2023-05-22T10_18_40_835Z-debug-0.log
26 timing npm:load:logFile Completed in 19ms
27 timing npm:load:timers Completed in 0ms
28 timing npm:load:configScope Completed in 0ms
29 timing npm:load Completed in 36ms
30 silly logfile done cleaning log files
31 http fetch GET 200 https://registry.npmjs.org/npm 561ms (cache miss)
32 timing command:run Completed in 824ms
33 notice
33 notice New patch version of npm available! 9.6.6 -> 9.6.7
33 notice Changelog: <https://github.com/npm/cli/releases/tag/v9.6.7>
33 notice Run `npm install -g npm@9.6.7` to update!
33 notice
34 verbose exit 1
35 timing npm Completed in 881ms
36 verbose code 1
